#! /usr/bin/vvp
:ivl_version "10.1 (stable)";
:ivl_delay_selection "TYPICAL";
:vpi_time_precision - 12;
:vpi_module "system";
:vpi_module "vhdl_sys";
:vpi_module "v2005_math";
:vpi_module "va_math";
S_0x561dc6aa4520 .scope module, "butterfly" "butterfly" 2 3;
 .timescale -9 -12;
    .port_info 0 /INPUT 1 "clk"
    .port_info 1 /INPUT 1 "inp"
    .port_info 2 /INPUT 32 "signal"
    .port_info 3 /OUTPUT 1 "oup"
    .port_info 4 /OUTPUT 32 "spector"
v0x561dc6ac5130_0 .var/i "a_", 31 0;
v0x561dc6ac5230_0 .var/i "b_", 31 0;
o0x7fe24d8f1258 .functor BUFZ 1, C4<z>; HiZ drive
v0x561dc6ac5310_0 .net "clk", 0 0, o0x7fe24d8f1258;  0 drivers
v0x561dc6ac53e0_0 .var/i "i", 31 0;
o0x7fe24d8f12b8 .functor BUFZ 1, C4<z>; HiZ drive
v0x561dc6ac54c0_0 .net "inp", 0 0, o0x7fe24d8f12b8;  0 drivers
v0x561dc6ac55d0_0 .var/i "j", 31 0;
v0x561dc6ac56b0_0 .var/i "k", 31 0;
v0x561dc6ac5790 .array "nodes_im", 0 127, 31 0;
v0x561dc6ac5850 .array "nodes_re", 0 127, 31 0;
o0x7fe24d8f1348 .functor BUFZ 1, C4<z>; HiZ drive
v0x561dc6ac5910_0 .net "oup", 0 0, o0x7fe24d8f1348;  0 drivers
v0x561dc6ac59d0 .array "record", 0 127, 31 0;
v0x561dc6ac5a90_0 .var/i "s", 31 0;
o0x7fe24d8f13a8 .functor BUFZ 32, C4<zzzzzzzzzzzzzzzzzzzzzzzzzzzzzzzz>; HiZ drive
v0x561dc6ac5b70_0 .net "signal", 31 0, o0x7fe24d8f13a8;  0 drivers
o0x7fe24d8f13d8 .functor BUFZ 32, C4<zzzzzzzzzzzzzzzzzzzzzzzzzzzzzzzz>; HiZ drive
v0x561dc6ac5c50_0 .net "spector", 31 0, o0x7fe24d8f13d8;  0 drivers
E_0x561dc6a66020 .event posedge, v0x561dc6ac5310_0;
S_0x561dc6aa4720 .scope function, "W" "W" 2 103, 2 103 0, S_0x561dc6aa4520;
 .timescale -9 -12;
v0x561dc6a82ce0_0 .var "N", 8 0;
v0x561dc6ac4550_0 .var "W", 31 0;
v0x561dc6ac4630_0 .var "i", 8 0;
v0x561dc6ac4720_0 .var "ri", 0 0;
TD_butterfly.W ;
    %load/vec4 v0x561dc6ac4630_0;
    %pad/u 32;
    %muli 128, 0, 32;
    %load/vec4 v0x561dc6a82ce0_0;
    %pad/u 32;
    %div;
    %pad/u 9;
    %store/vec4 v0x561dc6ac4630_0, 0, 9;
    %load/vec4 v0x561dc6ac4720_0;
    %pad/u 32;
    %pushi/vec4 0, 0, 32;
    %cmp/e;
    %flag_get/vec4 4;
    %pushi/vec4 32, 0, 32;
    %load/vec4 v0x561dc6ac4630_0;
    %pad/u 32;
    %cmp/u;
    %flag_get/vec4 4;
    %flag_get/vec4 5;
    %or;
    %and;
    %flag_set/vec4 8;
    %jmp/0xz  T_0.0, 8;
    %load/vec4 v0x561dc6ac4630_0;
    %subi 32, 0, 9;
    %store/vec4 v0x561dc6ac4630_0, 0, 9;
    %jmp T_0.1;
T_0.0 ;
    %load/vec4 v0x561dc6ac4720_0;
    %pad/u 32;
    %pushi/vec4 0, 0, 32;
    %cmp/e;
    %flag_get/vec4 4;
    %load/vec4 v0x561dc6ac4630_0;
    %pad/u 32;
    %cmpi/u 32, 0, 32;
    %flag_get/vec4 5;
    %and;
    %flag_set/vec4 8;
    %jmp/0xz  T_0.2, 8;
    %pushi/vec4 32, 0, 9;
    %load/vec4 v0x561dc6ac4630_0;
    %sub;
    %store/vec4 v0x561dc6ac4630_0, 0, 9;
    %pushi/vec4 1, 0, 1;
    %ix/load 4, 8, 0;
    %flag_set/imm 4, 0;
    %store/vec4 v0x561dc6ac4630_0, 4, 1;
T_0.2 ;
T_0.1 ;
    %load/vec4 v0x561dc6ac4630_0;
    %pad/u 32;
    %pushi/vec4 32, 0, 32;
    %mod;
    %dup/vec4;
    %pushi/vec4 0, 0, 32;
    %cmp/u;
    %jmp/1 T_0.4, 6;
    %dup/vec4;
    %pushi/vec4 1, 0, 32;
    %cmp/u;
    %jmp/1 T_0.5, 6;
    %dup/vec4;
    %pushi/vec4 2, 0, 32;
    %cmp/u;
    %jmp/1 T_0.6, 6;
    %dup/vec4;
    %pushi/vec4 3, 0, 32;
    %cmp/u;
    %jmp/1 T_0.7, 6;
    %dup/vec4;
    %pushi/vec4 4, 0, 32;
    %cmp/u;
    %jmp/1 T_0.8, 6;
    %dup/vec4;
    %pushi/vec4 5, 0, 32;
    %cmp/u;
    %jmp/1 T_0.9, 6;
    %dup/vec4;
    %pushi/vec4 6, 0, 32;
    %cmp/u;
    %jmp/1 T_0.10, 6;
    %dup/vec4;
    %pushi/vec4 7, 0, 32;
    %cmp/u;
    %jmp/1 T_0.11, 6;
    %dup/vec4;
    %pushi/vec4 8, 0, 32;
    %cmp/u;
    %jmp/1 T_0.12, 6;
    %dup/vec4;
    %pushi/vec4 9, 0, 32;
    %cmp/u;
    %jmp/1 T_0.13, 6;
    %dup/vec4;
    %pushi/vec4 10, 0, 32;
    %cmp/u;
    %jmp/1 T_0.14, 6;
    %dup/vec4;
    %pushi/vec4 11, 0, 32;
    %cmp/u;
    %jmp/1 T_0.15, 6;
    %dup/vec4;
    %pushi/vec4 12, 0, 32;
    %cmp/u;
    %jmp/1 T_0.16, 6;
    %dup/vec4;
    %pushi/vec4 13, 0, 32;
    %cmp/u;
    %jmp/1 T_0.17, 6;
    %dup/vec4;
    %pushi/vec4 14, 0, 32;
    %cmp/u;
    %jmp/1 T_0.18, 6;
    %dup/vec4;
    %pushi/vec4 15, 0, 32;
    %cmp/u;
    %jmp/1 T_0.19, 6;
    %dup/vec4;
    %pushi/vec4 16, 0, 32;
    %cmp/u;
    %jmp/1 T_0.20, 6;
    %dup/vec4;
    %pushi/vec4 17, 0, 32;
    %cmp/u;
    %jmp/1 T_0.21, 6;
    %dup/vec4;
    %pushi/vec4 18, 0, 32;
    %cmp/u;
    %jmp/1 T_0.22, 6;
    %dup/vec4;
    %pushi/vec4 19, 0, 32;
    %cmp/u;
    %jmp/1 T_0.23, 6;
    %dup/vec4;
    %pushi/vec4 20, 0, 32;
    %cmp/u;
    %jmp/1 T_0.24, 6;
    %dup/vec4;
    %pushi/vec4 21, 0, 32;
    %cmp/u;
    %jmp/1 T_0.25, 6;
    %dup/vec4;
    %pushi/vec4 22, 0, 32;
    %cmp/u;
    %jmp/1 T_0.26, 6;
    %dup/vec4;
    %pushi/vec4 23, 0, 32;
    %cmp/u;
    %jmp/1 T_0.27, 6;
    %dup/vec4;
    %pushi/vec4 24, 0, 32;
    %cmp/u;
    %jmp/1 T_0.28, 6;
    %dup/vec4;
    %pushi/vec4 25, 0, 32;
    %cmp/u;
    %jmp/1 T_0.29, 6;
    %dup/vec4;
    %pushi/vec4 26, 0, 32;
    %cmp/u;
    %jmp/1 T_0.30, 6;
    %dup/vec4;
    %pushi/vec4 27, 0, 32;
    %cmp/u;
    %jmp/1 T_0.31, 6;
    %dup/vec4;
    %pushi/vec4 28, 0, 32;
    %cmp/u;
    %jmp/1 T_0.32, 6;
    %dup/vec4;
    %pushi/vec4 29, 0, 32;
    %cmp/u;
    %jmp/1 T_0.33, 6;
    %dup/vec4;
    %pushi/vec4 30, 0, 32;
    %cmp/u;
    %jmp/1 T_0.34, 6;
    %dup/vec4;
    %pushi/vec4 31, 0, 32;
    %cmp/u;
    %jmp/1 T_0.35, 6;
    %dup/vec4;
    %pushi/vec4 32, 0, 32;
    %cmp/u;
    %jmp/1 T_0.36, 6;
    %pushi/vec4 0, 0, 32;
    %store/vec4 v0x561dc6ac4550_0, 0, 32;
    %jmp T_0.38;
T_0.4 ;
    %pushi/vec4 1065353216, 0, 32;
    %store/vec4 v0x561dc6ac4550_0, 0, 32;
    %jmp T_0.38;
T_0.5 ;
    %pushi/vec4 1065272429, 0, 32;
    %store/vec4 v0x561dc6ac4550_0, 0, 32;
    %jmp T_0.38;
T_0.6 ;
    %pushi/vec4 1065272429, 0, 32;
    %store/vec4 v0x561dc6ac4550_0, 0, 32;
    %jmp T_0.38;
T_0.7 ;
    %pushi/vec4 1065171627, 0, 32;
    %store/vec4 v0x561dc6ac4550_0, 0, 32;
    %jmp T_0.38;
T_0.8 ;
    %pushi/vec4 1065030846, 0, 32;
    %store/vec4 v0x561dc6ac4550_0, 0, 32;
    %jmp T_0.38;
T_0.9 ;
    %pushi/vec4 1064850423, 0, 32;
    %store/vec4 v0x561dc6ac4550_0, 0, 32;
    %jmp T_0.38;
T_0.10 ;
    %pushi/vec4 1064630794, 0, 32;
    %store/vec4 v0x561dc6ac4550_0, 0, 32;
    %jmp T_0.38;
T_0.11 ;
    %pushi/vec4 1064372488, 0, 32;
    %store/vec4 v0x561dc6ac4550_0, 0, 32;
    %jmp T_0.38;
T_0.12 ;
    %pushi/vec4 1064076126, 0, 32;
    %store/vec4 v0x561dc6ac4550_0, 0, 32;
    %jmp T_0.38;
T_0.13 ;
    %pushi/vec4 1063742423, 0, 32;
    %store/vec4 v0x561dc6ac4550_0, 0, 32;
    %jmp T_0.38;
T_0.14 ;
    %pushi/vec4 1063372183, 0, 32;
    %store/vec4 v0x561dc6ac4550_0, 0, 32;
    %jmp T_0.38;
T_0.15 ;
    %pushi/vec4 1062966298, 0, 32;
    %store/vec4 v0x561dc6ac4550_0, 0, 32;
    %jmp T_0.38;
T_0.16 ;
    %pushi/vec4 1062525745, 0, 32;
    %store/vec4 v0x561dc6ac4550_0, 0, 32;
    %jmp T_0.38;
T_0.17 ;
    %pushi/vec4 1062051586, 0, 32;
    %store/vec4 v0x561dc6ac4550_0, 0, 32;
    %jmp T_0.38;
T_0.18 ;
    %pushi/vec4 1061544963, 0, 32;
    %store/vec4 v0x561dc6ac4550_0, 0, 32;
    %jmp T_0.38;
T_0.19 ;
    %pushi/vec4 1061007097, 0, 32;
    %store/vec4 v0x561dc6ac4550_0, 0, 32;
    %jmp T_0.38;
T_0.20 ;
    %pushi/vec4 1060439283, 0, 32;
    %store/vec4 v0x561dc6ac4550_0, 0, 32;
    %jmp T_0.38;
T_0.21 ;
    %pushi/vec4 1059842889, 0, 32;
    %store/vec4 v0x561dc6ac4550_0, 0, 32;
    %jmp T_0.38;
T_0.22 ;
    %pushi/vec4 1059219353, 0, 32;
    %store/vec4 v0x561dc6ac4550_0, 0, 32;
    %jmp T_0.38;
T_0.23 ;
    %pushi/vec4 1058570175, 0, 32;
    %store/vec4 v0x561dc6ac4550_0, 0, 32;
    %jmp T_0.38;
T_0.24 ;
    %pushi/vec4 1057896921, 0, 32;
    %store/vec4 v0x561dc6ac4550_0, 0, 32;
    %jmp T_0.38;
T_0.25 ;
    %pushi/vec4 1057201212, 0, 32;
    %store/vec4 v0x561dc6ac4550_0, 0, 32;
    %jmp T_0.38;
T_0.26 ;
    %pushi/vec4 1056004841, 0, 32;
    %store/vec4 v0x561dc6ac4550_0, 0, 32;
    %jmp T_0.38;
T_0.27 ;
    %pushi/vec4 1054533760, 0, 32;
    %store/vec4 v0x561dc6ac4550_0, 0, 32;
    %jmp T_0.38;
T_0.28 ;
    %pushi/vec4 1053028117, 0, 32;
    %store/vec4 v0x561dc6ac4550_0, 0, 32;
    %jmp T_0.38;
T_0.29 ;
    %pushi/vec4 1051491539, 0, 32;
    %store/vec4 v0x561dc6ac4550_0, 0, 32;
    %jmp T_0.38;
T_0.30 ;
    %pushi/vec4 1049927729, 0, 32;
    %store/vec4 v0x561dc6ac4550_0, 0, 32;
    %jmp T_0.38;
T_0.31 ;
    %pushi/vec4 1048104907, 0, 32;
    %store/vec4 v0x561dc6ac4550_0, 0, 32;
    %jmp T_0.38;
T_0.32 ;
    %pushi/vec4 1044891073, 0, 32;
    %store/vec4 v0x561dc6ac4550_0, 0, 32;
    %jmp T_0.38;
T_0.33 ;
    %pushi/vec4 1041645699, 0, 32;
    %store/vec4 v0x561dc6ac4550_0, 0, 32;
    %jmp T_0.38;
T_0.34 ;
    %pushi/vec4 1036565813, 0, 32;
    %store/vec4 v0x561dc6ac4550_0, 0, 32;
    %jmp T_0.38;
T_0.35 ;
    %pushi/vec4 1028193071, 0, 32;
    %store/vec4 v0x561dc6ac4550_0, 0, 32;
    %jmp T_0.38;
T_0.36 ;
    %pushi/vec4 0, 0, 32;
    %store/vec4 v0x561dc6ac4550_0, 0, 32;
    %jmp T_0.38;
T_0.38 ;
    %pop/vec4 1;
    %load/vec4 v0x561dc6ac4630_0;
    %pad/u 32;
    %cmpi/e 32, 0, 32;
    %flag_mov 8, 4;
    %load/vec4 v0x561dc6ac4630_0;
    %pad/u 32;
    %cmpi/e 96, 0, 32;
    %flag_or 4, 8;
    %jmp/0xz  T_0.39, 4;
    %pushi/vec4 0, 0, 32;
    %store/vec4 v0x561dc6ac4550_0, 0, 32;
T_0.39 ;
    %load/vec4 v0x561dc6ac4630_0;
    %pad/u 32;
    %pushi/vec4 128, 0, 32;
    %mod;
    %pushi/vec4 2, 0, 32;
    %cmp/e;
    %flag_get/vec4 4;
    %load/vec4 v0x561dc6ac4630_0;
    %pad/u 32;
    %pushi/vec4 128, 0, 32;
    %mod;
    %pushi/vec4 3, 0, 32;
    %cmp/e;
    %flag_get/vec4 4;
    %or;
    %load/vec4 v0x561dc6ac4720_0;
    %pad/u 32;
    %pushi/vec4 1, 0, 32;
    %cmp/e;
    %flag_get/vec4 4;
    %and;
    %flag_set/vec4 8;
    %jmp/0xz  T_0.41, 8;
    %pushi/vec4 1, 0, 1;
    %ix/load 4, 31, 0;
    %flag_set/imm 4, 0;
    %store/vec4 v0x561dc6ac4550_0, 4, 1;
T_0.41 ;
    %load/vec4 v0x561dc6ac4720_0;
    %pad/u 32;
    %cmpi/e 0, 0, 32;
    %jmp/0xz  T_0.43, 4;
    %load/vec4 v0x561dc6ac4630_0;
    %pad/u 32;
    %pushi/vec4 32, 0, 32;
    %div;
    %cmpi/e 1, 0, 32;
    %flag_mov 8, 4;
    %load/vec4 v0x561dc6ac4630_0;
    %pad/u 32;
    %pushi/vec4 32, 0, 32;
    %div;
    %cmpi/e 0, 0, 32;
    %flag_or 4, 8;
    %jmp/0xz  T_0.45, 4;
    %pushi/vec4 1, 0, 1;
    %ix/load 4, 31, 0;
    %flag_set/imm 4, 0;
    %store/vec4 v0x561dc6ac4550_0, 4, 1;
T_0.45 ;
    %load/vec4 v0x561dc6ac4630_0;
    %parti/s 1, 8, 5;
    %pad/u 32;
    %cmpi/e 0, 0, 32;
    %jmp/0xz  T_0.47, 4;
    %pushi/vec4 0, 0, 1;
    %ix/load 4, 31, 0;
    %flag_set/imm 4, 0;
    %store/vec4 v0x561dc6ac4550_0, 4, 1;
T_0.47 ;
T_0.43 ;
    %load/vec4 v0x561dc6ac4630_0;
    %pad/u 32;
    %cmpi/e 255, 0, 32;
    %jmp/0xz  T_0.49, 4;
    %pushi/vec4 3212836864, 0, 32;
    %store/vec4 v0x561dc6ac4550_0, 0, 32;
T_0.49 ;
    %end;
S_0x561dc6ac47e0 .scope function, "add" "add" 2 52, 2 52 0, S_0x561dc6aa4520;
 .timescale -9 -12;
v0x561dc6ac49d0_0 .var "a", 31 0;
v0x561dc6ac4ab0_0 .var "add", 31 0;
v0x561dc6ac4b90_0 .var "b", 31 0;
TD_butterfly.add ;
    %load/vec4 v0x561dc6ac4b90_0;
    %parti/s 8, 23, 6;
    %load/vec4 v0x561dc6ac49d0_0;
    %parti/s 8, 23, 6;
    %cmp/s;
    %jmp/0xz  T_1.51, 5;
    %load/vec4 v0x561dc6ac49d0_0;
    %parti/s 8, 23, 6;
    %pad/s 32;
    %load/vec4 v0x561dc6ac4b90_0;
    %parti/s 8, 23, 6;
    %pad/s 32;
    %sub;
    %store/vec4 v0x561dc6ac5a90_0, 0, 32;
    %load/vec4 v0x561dc6ac4b90_0;
    %parti/s 23, 0, 2;
    %pad/u 32;
    %load/vec4 v0x561dc6ac53e0_0;
    %ix/vec4 4;
    %shiftr 4;
    %store/vec4 v0x561dc6ac5230_0, 0, 32;
    %load/vec4 v0x561dc6ac49d0_0;
    %parti/s 23, 0, 2;
    %pad/u 32;
    %store/vec4 v0x561dc6ac5130_0, 0, 32;
    %load/vec4 v0x561dc6ac49d0_0;
    %parti/s 8, 23, 6;
    %ix/load 4, 23, 0;
    %flag_set/imm 4, 0;
    %store/vec4 v0x561dc6ac4ab0_0, 4, 8;
    %load/vec4 v0x561dc6ac49d0_0;
    %parti/s 1, 31, 6;
    %pad/u 32;
    %pushi/vec4 0, 0, 32;
    %cmp/e;
    %flag_get/vec4 4;
    %load/vec4 v0x561dc6ac4b90_0;
    %parti/s 1, 31, 6;
    %pad/u 32;
    %pushi/vec4 0, 0, 32;
    %cmp/e;
    %flag_get/vec4 4;
    %and;
    %flag_set/vec4 8;
    %jmp/0xz  T_1.53, 8;
    %load/vec4 v0x561dc6ac5230_0;
    %load/vec4 v0x561dc6ac49d0_0;
    %parti/s 23, 0, 2;
    %pad/u 32;
    %add;
    %pad/u 23;
    %ix/load 4, 0, 0;
    %flag_set/imm 4, 0;
    %store/vec4 v0x561dc6ac4ab0_0, 4, 23;
    %pushi/vec4 0, 0, 1;
    %ix/load 4, 31, 0;
    %flag_set/imm 4, 0;
    %store/vec4 v0x561dc6ac4ab0_0, 4, 1;
    %jmp T_1.54;
T_1.53 ;
    %load/vec4 v0x561dc6ac49d0_0;
    %parti/s 1, 31, 6;
    %pad/u 32;
    %pushi/vec4 0, 0, 32;
    %cmp/e;
    %flag_get/vec4 4;
    %load/vec4 v0x561dc6ac4b90_0;
    %parti/s 1, 31, 6;
    %pad/u 32;
    %pushi/vec4 1, 0, 32;
    %cmp/e;
    %flag_get/vec4 4;
    %and;
    %flag_set/vec4 8;
    %jmp/0xz  T_1.55, 8;
    %load/vec4 v0x561dc6ac5230_0;
    %load/vec4 v0x561dc6ac5130_0;
    %cmp/s;
    %flag_mov 8, 5;
    %jmp/0 T_1.57, 8;
    %load/vec4 v0x561dc6ac5130_0;
    %load/vec4 v0x561dc6ac5230_0;
    %sub;
    %jmp/1 T_1.58, 8;
T_1.57 ; End of true expr.
    %load/vec4 v0x561dc6ac5230_0;
    %load/vec4 v0x561dc6ac5130_0;
    %sub;
    %jmp/0 T_1.58, 8;
 ; End of false expr.
    %blend;
T_1.58;
    %pad/s 23;
    %ix/load 4, 0, 0;
    %flag_set/imm 4, 0;
    %store/vec4 v0x561dc6ac4ab0_0, 4, 23;
    %load/vec4 v0x561dc6ac5230_0;
    %load/vec4 v0x561dc6ac5130_0;
    %cmp/s;
    %flag_mov 8, 5;
    %jmp/0 T_1.59, 8;
    %pushi/vec4 0, 0, 2;
    %jmp/1 T_1.60, 8;
T_1.59 ; End of true expr.
    %pushi/vec4 1, 0, 2;
    %jmp/0 T_1.60, 8;
 ; End of false expr.
    %blend;
T_1.60;
    %pad/s 1;
    %ix/load 4, 31, 0;
    %flag_set/imm 4, 0;
    %store/vec4 v0x561dc6ac4ab0_0, 4, 1;
    %jmp T_1.56;
T_1.55 ;
    %load/vec4 v0x561dc6ac49d0_0;
    %parti/s 1, 31, 6;
    %pad/u 32;
    %pushi/vec4 1, 0, 32;
    %cmp/e;
    %flag_get/vec4 4;
    %load/vec4 v0x561dc6ac4b90_0;
    %parti/s 1, 31, 6;
    %pad/u 32;
    %pushi/vec4 0, 0, 32;
    %cmp/e;
    %flag_get/vec4 4;
    %and;
    %flag_set/vec4 8;
    %jmp/0xz  T_1.61, 8;
    %load/vec4 v0x561dc6ac5130_0;
    %load/vec4 v0x561dc6ac5230_0;
    %cmp/s;
    %flag_mov 8, 5;
    %jmp/0 T_1.63, 8;
    %load/vec4 v0x561dc6ac5230_0;
    %load/vec4 v0x561dc6ac5130_0;
    %sub;
    %jmp/1 T_1.64, 8;
T_1.63 ; End of true expr.
    %load/vec4 v0x561dc6ac5130_0;
    %load/vec4 v0x561dc6ac5230_0;
    %sub;
    %jmp/0 T_1.64, 8;
 ; End of false expr.
    %blend;
T_1.64;
    %pad/s 23;
    %ix/load 4, 0, 0;
    %flag_set/imm 4, 0;
    %store/vec4 v0x561dc6ac4ab0_0, 4, 23;
    %load/vec4 v0x561dc6ac5130_0;
    %load/vec4 v0x561dc6ac5230_0;
    %cmp/s;
    %flag_mov 8, 5;
    %jmp/0 T_1.65, 8;
    %pushi/vec4 0, 0, 2;
    %jmp/1 T_1.66, 8;
T_1.65 ; End of true expr.
    %pushi/vec4 1, 0, 2;
    %jmp/0 T_1.66, 8;
 ; End of false expr.
    %blend;
T_1.66;
    %pad/s 1;
    %ix/load 4, 31, 0;
    %flag_set/imm 4, 0;
    %store/vec4 v0x561dc6ac4ab0_0, 4, 1;
    %jmp T_1.62;
T_1.61 ;
    %load/vec4 v0x561dc6ac5230_0;
    %load/vec4 v0x561dc6ac5130_0;
    %add;
    %pad/s 23;
    %ix/load 4, 0, 0;
    %flag_set/imm 4, 0;
    %store/vec4 v0x561dc6ac4ab0_0, 4, 23;
    %pushi/vec4 1, 0, 1;
    %ix/load 4, 31, 0;
    %flag_set/imm 4, 0;
    %store/vec4 v0x561dc6ac4ab0_0, 4, 1;
T_1.62 ;
T_1.56 ;
T_1.54 ;
    %jmp T_1.52;
T_1.51 ;
    %load/vec4 v0x561dc6ac4b90_0;
    %parti/s 8, 23, 6;
    %pad/s 32;
    %load/vec4 v0x561dc6ac4b90_0;
    %parti/s 8, 23, 6;
    %pad/s 32;
    %sub;
    %store/vec4 v0x561dc6ac53e0_0, 0, 32;
    %load/vec4 v0x561dc6ac49d0_0;
    %parti/s 23, 0, 2;
    %pad/u 32;
    %load/vec4 v0x561dc6ac53e0_0;
    %ix/vec4 4;
    %shiftr 4;
    %store/vec4 v0x561dc6ac5130_0, 0, 32;
    %load/vec4 v0x561dc6ac4b90_0;
    %parti/s 23, 0, 2;
    %pad/u 32;
    %store/vec4 v0x561dc6ac5230_0, 0, 32;
    %load/vec4 v0x561dc6ac4b90_0;
    %parti/s 8, 23, 6;
    %ix/load 4, 23, 0;
    %flag_set/imm 4, 0;
    %store/vec4 v0x561dc6ac4ab0_0, 4, 8;
    %load/vec4 v0x561dc6ac49d0_0;
    %parti/s 1, 31, 6;
    %pad/u 32;
    %pushi/vec4 0, 0, 32;
    %cmp/e;
    %flag_get/vec4 4;
    %load/vec4 v0x561dc6ac4b90_0;
    %parti/s 1, 31, 6;
    %pad/u 32;
    %pushi/vec4 0, 0, 32;
    %cmp/e;
    %flag_get/vec4 4;
    %and;
    %flag_set/vec4 8;
    %jmp/0xz  T_1.67, 8;
    %load/vec4 v0x561dc6ac5130_0;
    %load/vec4 v0x561dc6ac4b90_0;
    %parti/s 23, 0, 2;
    %pad/u 32;
    %add;
    %pad/u 23;
    %ix/load 4, 0, 0;
    %flag_set/imm 4, 0;
    %store/vec4 v0x561dc6ac4ab0_0, 4, 23;
    %pushi/vec4 0, 0, 1;
    %ix/load 4, 31, 0;
    %flag_set/imm 4, 0;
    %store/vec4 v0x561dc6ac4ab0_0, 4, 1;
    %jmp T_1.68;
T_1.67 ;
    %load/vec4 v0x561dc6ac49d0_0;
    %parti/s 1, 31, 6;
    %pad/u 32;
    %pushi/vec4 0, 0, 32;
    %cmp/e;
    %flag_get/vec4 4;
    %load/vec4 v0x561dc6ac4b90_0;
    %parti/s 1, 31, 6;
    %pad/u 32;
    %pushi/vec4 1, 0, 32;
    %cmp/e;
    %flag_get/vec4 4;
    %and;
    %flag_set/vec4 8;
    %jmp/0xz  T_1.69, 8;
    %load/vec4 v0x561dc6ac5230_0;
    %load/vec4 v0x561dc6ac5130_0;
    %cmp/s;
    %flag_mov 8, 5;
    %jmp/0 T_1.71, 8;
    %load/vec4 v0x561dc6ac5130_0;
    %load/vec4 v0x561dc6ac5230_0;
    %sub;
    %jmp/1 T_1.72, 8;
T_1.71 ; End of true expr.
    %load/vec4 v0x561dc6ac5230_0;
    %load/vec4 v0x561dc6ac5130_0;
    %sub;
    %jmp/0 T_1.72, 8;
 ; End of false expr.
    %blend;
T_1.72;
    %pad/s 23;
    %ix/load 4, 0, 0;
    %flag_set/imm 4, 0;
    %store/vec4 v0x561dc6ac4ab0_0, 4, 23;
    %load/vec4 v0x561dc6ac5230_0;
    %load/vec4 v0x561dc6ac5130_0;
    %cmp/s;
    %flag_mov 8, 5;
    %jmp/0 T_1.73, 8;
    %pushi/vec4 0, 0, 2;
    %jmp/1 T_1.74, 8;
T_1.73 ; End of true expr.
    %pushi/vec4 1, 0, 2;
    %jmp/0 T_1.74, 8;
 ; End of false expr.
    %blend;
T_1.74;
    %pad/s 1;
    %ix/load 4, 31, 0;
    %flag_set/imm 4, 0;
    %store/vec4 v0x561dc6ac4ab0_0, 4, 1;
    %jmp T_1.70;
T_1.69 ;
    %load/vec4 v0x561dc6ac49d0_0;
    %parti/s 1, 31, 6;
    %pad/u 32;
    %pushi/vec4 1, 0, 32;
    %cmp/e;
    %flag_get/vec4 4;
    %load/vec4 v0x561dc6ac4b90_0;
    %parti/s 1, 31, 6;
    %pad/u 32;
    %pushi/vec4 0, 0, 32;
    %cmp/e;
    %flag_get/vec4 4;
    %and;
    %flag_set/vec4 8;
    %jmp/0xz  T_1.75, 8;
    %load/vec4 v0x561dc6ac5130_0;
    %load/vec4 v0x561dc6ac5230_0;
    %cmp/s;
    %flag_mov 8, 5;
    %jmp/0 T_1.77, 8;
    %load/vec4 v0x561dc6ac5230_0;
    %load/vec4 v0x561dc6ac5130_0;
    %sub;
    %jmp/1 T_1.78, 8;
T_1.77 ; End of true expr.
    %load/vec4 v0x561dc6ac5130_0;
    %load/vec4 v0x561dc6ac5230_0;
    %sub;
    %jmp/0 T_1.78, 8;
 ; End of false expr.
    %blend;
T_1.78;
    %pad/s 23;
    %ix/load 4, 0, 0;
    %flag_set/imm 4, 0;
    %store/vec4 v0x561dc6ac4ab0_0, 4, 23;
    %load/vec4 v0x561dc6ac5130_0;
    %load/vec4 v0x561dc6ac5230_0;
    %cmp/s;
    %flag_mov 8, 5;
    %jmp/0 T_1.79, 8;
    %pushi/vec4 0, 0, 2;
    %jmp/1 T_1.80, 8;
T_1.79 ; End of true expr.
    %pushi/vec4 1, 0, 2;
    %jmp/0 T_1.80, 8;
 ; End of false expr.
    %blend;
T_1.80;
    %pad/s 1;
    %ix/load 4, 31, 0;
    %flag_set/imm 4, 0;
    %store/vec4 v0x561dc6ac4ab0_0, 4, 1;
    %jmp T_1.76;
T_1.75 ;
    %load/vec4 v0x561dc6ac5230_0;
    %load/vec4 v0x561dc6ac5130_0;
    %add;
    %pad/s 23;
    %ix/load 4, 0, 0;
    %flag_set/imm 4, 0;
    %store/vec4 v0x561dc6ac4ab0_0, 4, 23;
    %pushi/vec4 1, 0, 1;
    %ix/load 4, 31, 0;
    %flag_set/imm 4, 0;
    %store/vec4 v0x561dc6ac4ab0_0, 4, 1;
T_1.76 ;
T_1.70 ;
T_1.68 ;
T_1.52 ;
    %end;
S_0x561dc6ac4c80 .scope function, "mul" "mul" 2 44, 2 44 0, S_0x561dc6aa4520;
 .timescale -9 -12;
v0x561dc6ac4e80_0 .var "a", 31 0;
v0x561dc6ac4f60_0 .var "b", 31 0;
v0x561dc6ac5040_0 .var "mul", 31 0;
TD_butterfly.mul ;
    %load/vec4 v0x561dc6ac4e80_0;
    %parti/s 1, 31, 6;
    %load/vec4 v0x561dc6ac4f60_0;
    %parti/s 1, 31, 6;
    %xor;
    %ix/load 4, 31, 0;
    %flag_set/imm 4, 0;
    %store/vec4 v0x561dc6ac5040_0, 4, 1;
    %load/vec4 v0x561dc6ac4e80_0;
    %parti/s 8, 23, 6;
    %load/vec4 v0x561dc6ac4f60_0;
    %parti/s 8, 23, 6;
    %add;
    %ix/load 4, 23, 0;
    %flag_set/imm 4, 0;
    %store/vec4 v0x561dc6ac5040_0, 4, 8;
    %load/vec4 v0x561dc6ac4e80_0;
    %parti/s 23, 0, 2;
    %load/vec4 v0x561dc6ac4f60_0;
    %parti/s 23, 0, 2;
    %mul;
    %ix/load 4, 0, 0;
    %flag_set/imm 4, 0;
    %store/vec4 v0x561dc6ac5040_0, 4, 23;
    %end;
    .scope S_0x561dc6aa4520;
T_3 ;
    %pushi/vec4 0, 0, 32;
    %store/vec4 v0x561dc6ac53e0_0, 0, 32;
    %pushi/vec4 0, 0, 32;
    %store/vec4 v0x561dc6ac55d0_0, 0, 32;
    %pushi/vec4 0, 0, 32;
    %store/vec4 v0x561dc6ac56b0_0, 0, 32;
    %end;
    .thread T_3;
    .scope S_0x561dc6aa4520;
T_4 ;
    %wait E_0x561dc6a66020;
    %load/vec4 v0x561dc6ac5b70_0;
    %load/vec4 v0x561dc6ac53e0_0;
    %pushi/vec4 128, 0, 32;
    %mod/s;
    %ix/vec4/s 4;
    %store/vec4a v0x561dc6ac59d0, 4, 0;
    %load/vec4 v0x561dc6ac53e0_0;
    %addi 1, 0, 32;
    %store/vec4 v0x561dc6ac53e0_0, 0, 32;
    %load/vec4 v0x561dc6ac53e0_0;
    %pushi/vec4 128, 0, 32;
    %mod/s;
    %cmpi/e 0, 0, 32;
    %jmp/0xz  T_4.0, 4;
    %pushi/vec4 0, 0, 32;
    %store/vec4 v0x561dc6ac55d0_0, 0, 32;
T_4.2 ;
    %load/vec4 v0x561dc6ac55d0_0;
    %cmpi/s 128, 0, 32;
    %jmp/0xz T_4.3, 5;
    %ix/getv/s 4, v0x561dc6ac55d0_0;
    %load/vec4a v0x561dc6ac59d0, 4;
    %ix/getv/s 3, v0x561dc6ac55d0_0;
    %ix/load 4, 0, 0; Constant delay
    %assign/vec4/a/d v0x561dc6ac5850, 0, 4;
    %pushi/vec4 0, 0, 32;
    %ix/getv/s 3, v0x561dc6ac55d0_0;
    %ix/load 4, 0, 0; Constant delay
    %assign/vec4/a/d v0x561dc6ac5790, 0, 4;
    %load/vec4 v0x561dc6ac55d0_0;
    %addi 1, 0, 32;
    %store/vec4 v0x561dc6ac55d0_0, 0, 32;
    %jmp T_4.2;
T_4.3 ;
    %load/vec4 v0x561dc6ac53e0_0;
    %pushi/vec4 128, 0, 32;
    %mod/s;
    %cmpi/e 127, 0, 32;
    %jmp/0xz  T_4.4, 4;
    %pushi/vec4 0, 0, 32;
    %store/vec4 v0x561dc6ac53e0_0, 0, 32;
T_4.4 ;
    %jmp T_4.1;
T_4.0 ;
    %pushi/vec4 1, 0, 32;
    %load/vec4 v0x561dc6ac53e0_0;
    %pushi/vec4 128, 0, 32;
    %mod/s;
    %cmp/s;
    %flag_get/vec4 4;
    %flag_get/vec4 5;
    %or;
    %load/vec4 v0x561dc6ac53e0_0;
    %pushi/vec4 128, 0, 32;
    %mod/s;
    %cmpi/s 7, 0, 32;
    %flag_get/vec4 4;
    %flag_get/vec4 5;
    %or;
    %and;
    %flag_set/vec4 8;
    %jmp/0xz  T_4.6, 8;
    %pushi/vec4 0, 0, 32;
    %store/vec4 v0x561dc6ac55d0_0, 0, 32;
T_4.8 ;
    %load/vec4 v0x561dc6ac55d0_0;
    %pushi/vec4 2, 0, 32;
    %pushi/vec4 3, 0, 32;
    %load/vec4 v0x561dc6ac53e0_0;
    %sub;
    %pow/s;
    %cmp/s;
    %jmp/0xz T_4.9, 5;
    %pushi/vec4 0, 0, 32;
    %store/vec4 v0x561dc6ac56b0_0, 0, 32;
T_4.10 ;
    %load/vec4 v0x561dc6ac56b0_0;
    %pushi/vec4 2, 0, 32;
    %load/vec4 v0x561dc6ac53e0_0;
    %subi 1, 0, 32;
    %pow/s;
    %cmp/s;
    %jmp/0xz T_4.11, 5;
    %load/vec4 v0x561dc6ac55d0_0;
    %pad/s 33;
    %load/vec4 v0x561dc6ac56b0_0;
    %pad/s 33;
    %add;
    %ix/vec4/s 4;
    %load/vec4a v0x561dc6ac5850, 4;
    %load/vec4 v0x561dc6ac55d0_0;
    %pad/s 65;
    %muli 2, 0, 65;
    %load/vec4 v0x561dc6ac56b0_0;
    %pad/s 65;
    %add;
    %ix/vec4/s 4;
    %load/vec4a v0x561dc6ac5850, 4;
    %load/vec4 v0x561dc6ac56b0_0;
    %pushi/vec4 2, 0, 32;
    %load/vec4 v0x561dc6ac53e0_0;
    %pow/s;
    %pushi/vec4 0, 0, 1;
    %store/vec4 v0x561dc6ac4720_0, 0, 1;
    %store/vec4 v0x561dc6ac4630_0, 0, 9;
    %store/vec4 v0x561dc6a82ce0_0, 0, 9;
    %fork TD_butterfly.W, S_0x561dc6aa4720;
    %join;
    %load/vec4  v0x561dc6ac4550_0;
    %store/vec4 v0x561dc6ac4f60_0, 0, 32;
    %store/vec4 v0x561dc6ac4e80_0, 0, 32;
    %fork TD_butterfly.mul, S_0x561dc6ac4c80;
    %join;
    %load/vec4  v0x561dc6ac5040_0;
    %store/vec4 v0x561dc6ac4b90_0, 0, 32;
    %store/vec4 v0x561dc6ac49d0_0, 0, 32;
    %fork TD_butterfly.add, S_0x561dc6ac47e0;
    %join;
    %load/vec4  v0x561dc6ac4ab0_0;
    %load/vec4 v0x561dc6ac55d0_0;
    %pad/s 65;
    %muli 2, 0, 65;
    %load/vec4 v0x561dc6ac56b0_0;
    %pad/s 65;
    %add;
    %ix/vec4/s 4;
    %load/vec4a v0x561dc6ac5790, 4;
    %load/vec4 v0x561dc6ac56b0_0;
    %pushi/vec4 2, 0, 32;
    %load/vec4 v0x561dc6ac53e0_0;
    %pow/s;
    %pushi/vec4 1, 0, 1;
    %store/vec4 v0x561dc6ac4720_0, 0, 1;
    %store/vec4 v0x561dc6ac4630_0, 0, 9;
    %store/vec4 v0x561dc6a82ce0_0, 0, 9;
    %fork TD_butterfly.W, S_0x561dc6aa4720;
    %join;
    %load/vec4  v0x561dc6ac4550_0;
    %store/vec4 v0x561dc6ac4f60_0, 0, 32;
    %store/vec4 v0x561dc6ac4e80_0, 0, 32;
    %fork TD_butterfly.mul, S_0x561dc6ac4c80;
    %join;
    %load/vec4  v0x561dc6ac5040_0;
    %store/vec4 v0x561dc6ac4b90_0, 0, 32;
    %store/vec4 v0x561dc6ac49d0_0, 0, 32;
    %fork TD_butterfly.add, S_0x561dc6ac47e0;
    %join;
    %load/vec4  v0x561dc6ac4ab0_0;
    %load/vec4 v0x561dc6ac55d0_0;
    %pad/s 33;
    %load/vec4 v0x561dc6ac56b0_0;
    %pad/s 33;
    %add;
    %ix/vec4/s 3;
    %ix/load 4, 0, 0; Constant delay
    %assign/vec4/a/d v0x561dc6ac5850, 0, 4;
    %load/vec4 v0x561dc6ac55d0_0;
    %pad/s 33;
    %load/vec4 v0x561dc6ac56b0_0;
    %pad/s 33;
    %add;
    %ix/vec4/s 4;
    %load/vec4a v0x561dc6ac5790, 4;
    %load/vec4 v0x561dc6ac55d0_0;
    %pad/s 65;
    %muli 2, 0, 65;
    %load/vec4 v0x561dc6ac56b0_0;
    %pad/s 65;
    %add;
    %ix/vec4/s 4;
    %load/vec4a v0x561dc6ac5850, 4;
    %load/vec4 v0x561dc6ac56b0_0;
    %pushi/vec4 2, 0, 32;
    %load/vec4 v0x561dc6ac53e0_0;
    %pow/s;
    %pushi/vec4 1, 0, 1;
    %store/vec4 v0x561dc6ac4720_0, 0, 1;
    %store/vec4 v0x561dc6ac4630_0, 0, 9;
    %store/vec4 v0x561dc6a82ce0_0, 0, 9;
    %fork TD_butterfly.W, S_0x561dc6aa4720;
    %join;
    %load/vec4  v0x561dc6ac4550_0;
    %store/vec4 v0x561dc6ac4f60_0, 0, 32;
    %store/vec4 v0x561dc6ac4e80_0, 0, 32;
    %fork TD_butterfly.mul, S_0x561dc6ac4c80;
    %join;
    %load/vec4  v0x561dc6ac5040_0;
    %store/vec4 v0x561dc6ac4b90_0, 0, 32;
    %store/vec4 v0x561dc6ac49d0_0, 0, 32;
    %fork TD_butterfly.add, S_0x561dc6ac47e0;
    %join;
    %load/vec4  v0x561dc6ac4ab0_0;
    %load/vec4 v0x561dc6ac55d0_0;
    %pad/s 65;
    %muli 2, 0, 65;
    %load/vec4 v0x561dc6ac56b0_0;
    %pad/s 65;
    %add;
    %ix/vec4/s 4;
    %load/vec4a v0x561dc6ac5790, 4;
    %load/vec4 v0x561dc6ac56b0_0;
    %pushi/vec4 2, 0, 32;
    %load/vec4 v0x561dc6ac53e0_0;
    %pow/s;
    %pushi/vec4 0, 0, 1;
    %store/vec4 v0x561dc6ac4720_0, 0, 1;
    %store/vec4 v0x561dc6ac4630_0, 0, 9;
    %store/vec4 v0x561dc6a82ce0_0, 0, 9;
    %fork TD_butterfly.W, S_0x561dc6aa4720;
    %join;
    %load/vec4  v0x561dc6ac4550_0;
    %store/vec4 v0x561dc6ac4f60_0, 0, 32;
    %store/vec4 v0x561dc6ac4e80_0, 0, 32;
    %fork TD_butterfly.mul, S_0x561dc6ac4c80;
    %join;
    %load/vec4  v0x561dc6ac5040_0;
    %store/vec4 v0x561dc6ac4b90_0, 0, 32;
    %store/vec4 v0x561dc6ac49d0_0, 0, 32;
    %fork TD_butterfly.add, S_0x561dc6ac47e0;
    %join;
    %load/vec4  v0x561dc6ac4ab0_0;
    %load/vec4 v0x561dc6ac55d0_0;
    %pad/s 33;
    %load/vec4 v0x561dc6ac56b0_0;
    %pad/s 33;
    %add;
    %ix/vec4/s 3;
    %ix/load 4, 0, 0; Constant delay
    %assign/vec4/a/d v0x561dc6ac5790, 0, 4;
    %load/vec4 v0x561dc6ac55d0_0;
    %pad/s 65;
    %muli 2, 0, 65;
    %load/vec4 v0x561dc6ac56b0_0;
    %pad/s 65;
    %add;
    %ix/vec4/s 4;
    %load/vec4a v0x561dc6ac5850, 4;
    %load/vec4 v0x561dc6ac55d0_0;
    %pad/s 33;
    %load/vec4 v0x561dc6ac56b0_0;
    %pad/s 33;
    %add;
    %ix/vec4/s 4;
    %load/vec4a v0x561dc6ac5850, 4;
    %pushi/vec4 1, 0, 9;
    %pushi/vec4 255, 0, 9;
    %pushi/vec4 0, 0, 1;
    %store/vec4 v0x561dc6ac4720_0, 0, 1;
    %store/vec4 v0x561dc6ac4630_0, 0, 9;
    %store/vec4 v0x561dc6a82ce0_0, 0, 9;
    %fork TD_butterfly.W, S_0x561dc6aa4720;
    %join;
    %load/vec4  v0x561dc6ac4550_0;
    %store/vec4 v0x561dc6ac4f60_0, 0, 32;
    %store/vec4 v0x561dc6ac4e80_0, 0, 32;
    %fork TD_butterfly.mul, S_0x561dc6ac4c80;
    %join;
    %load/vec4  v0x561dc6ac5040_0;
    %store/vec4 v0x561dc6ac4b90_0, 0, 32;
    %store/vec4 v0x561dc6ac49d0_0, 0, 32;
    %fork TD_butterfly.add, S_0x561dc6ac47e0;
    %join;
    %load/vec4  v0x561dc6ac4ab0_0;
    %load/vec4 v0x561dc6ac55d0_0;
    %pad/s 65;
    %muli 2, 0, 65;
    %load/vec4 v0x561dc6ac56b0_0;
    %pad/s 65;
    %add;
    %ix/vec4/s 3;
    %ix/load 4, 0, 0; Constant delay
    %assign/vec4/a/d v0x561dc6ac5850, 0, 4;
    %load/vec4 v0x561dc6ac55d0_0;
    %pad/s 65;
    %muli 2, 0, 65;
    %load/vec4 v0x561dc6ac56b0_0;
    %pad/s 65;
    %add;
    %ix/vec4/s 4;
    %load/vec4a v0x561dc6ac5790, 4;
    %load/vec4 v0x561dc6ac55d0_0;
    %pad/s 33;
    %load/vec4 v0x561dc6ac56b0_0;
    %pad/s 33;
    %add;
    %ix/vec4/s 4;
    %load/vec4a v0x561dc6ac5850, 4;
    %pushi/vec4 1, 0, 9;
    %pushi/vec4 255, 0, 9;
    %pushi/vec4 0, 0, 1;
    %store/vec4 v0x561dc6ac4720_0, 0, 1;
    %store/vec4 v0x561dc6ac4630_0, 0, 9;
    %store/vec4 v0x561dc6a82ce0_0, 0, 9;
    %fork TD_butterfly.W, S_0x561dc6aa4720;
    %join;
    %load/vec4  v0x561dc6ac4550_0;
    %store/vec4 v0x561dc6ac4f60_0, 0, 32;
    %store/vec4 v0x561dc6ac4e80_0, 0, 32;
    %fork TD_butterfly.mul, S_0x561dc6ac4c80;
    %join;
    %load/vec4  v0x561dc6ac5040_0;
    %store/vec4 v0x561dc6ac4b90_0, 0, 32;
    %store/vec4 v0x561dc6ac49d0_0, 0, 32;
    %fork TD_butterfly.add, S_0x561dc6ac47e0;
    %join;
    %load/vec4  v0x561dc6ac4ab0_0;
    %load/vec4 v0x561dc6ac55d0_0;
    %pad/s 65;
    %muli 2, 0, 65;
    %load/vec4 v0x561dc6ac56b0_0;
    %pad/s 65;
    %add;
    %ix/vec4/s 3;
    %ix/load 4, 0, 0; Constant delay
    %assign/vec4/a/d v0x561dc6ac5790, 0, 4;
    %load/vec4 v0x561dc6ac56b0_0;
    %addi 1, 0, 32;
    %store/vec4 v0x561dc6ac56b0_0, 0, 32;
    %jmp T_4.10;
T_4.11 ;
    %load/vec4 v0x561dc6ac55d0_0;
    %addi 1, 0, 32;
    %store/vec4 v0x561dc6ac55d0_0, 0, 32;
    %jmp T_4.8;
T_4.9 ;
T_4.6 ;
T_4.1 ;
    %jmp T_4;
    .thread T_4;
# The file index is used to find the file name in the following table.
:file_names 3;
    "N/A";
    "<interactive>";
    "butterfly.v";
